<?xml version="1.0" encoding="UTF-8"?>
<testng-results skipped="0" failed="0" total="2" passed="2">
  <reporter-output>
    <line>
      <![CDATA[Application Opened]]>
    </line>
    <line>
      <![CDATA[Login completed]]>
    </line>
    <line>
      <![CDATA[Application Closed]]>
    </line>
    <line>
      <![CDATA[Application Opened]]>
    </line>
    <line>
      <![CDATA[Login completed]]>
    </line>
    <line>
      <![CDATA[Application Closed]]>
    </line>
  </reporter-output>
  <suite name="Suite1" duration-ms="45532" started-at="2020-10-16T03:26:07Z" finished-at="2020-10-16T03:26:52Z">
    <groups>
    </groups>
    <test name="Nopackage" duration-ms="45532" started-at="2020-10-16T03:26:07Z" finished-at="2020-10-16T03:26:52Z">
      <class name="com.hrms.testscripts.TC004">
        <test-method status="PASS" signature="tc004()[pri:0, instance:com.hrms.testscripts.TC004@6483f5ae]" name="tc004" duration-ms="15660" started-at="2020-10-16T08:56:37Z" finished-at="2020-10-16T08:56:52Z">
          <reporter-output>
            <line>
              <![CDATA[Application Opened]]>
            </line>
            <line>
              <![CDATA[Login completed]]>
            </line>
            <line>
              <![CDATA[Application Closed]]>
            </line>
          </reporter-output>
        </test-method> <!-- tc004 -->
      </class> <!-- com.hrms.testscripts.TC004 -->
      <class name="com.hrms.testscripts.TC005">
        <test-method status="PASS" signature="tc005()[pri:0, instance:com.hrms.testscripts.TC005@1da51a35]" name="tc005" duration-ms="29841" started-at="2020-10-16T08:56:07Z" finished-at="2020-10-16T08:56:37Z">
          <reporter-output>
            <line>
              <![CDATA[Application Opened]]>
            </line>
            <line>
              <![CDATA[Login completed]]>
            </line>
            <line>
              <![CDATA[Application Closed]]>
            </line>
          </reporter-output>
        </test-method> <!-- tc005 -->
      </class> <!-- com.hrms.testscripts.TC005 -->
    </test> <!-- Nopackage -->
  </suite> <!-- Suite1 -->
</testng-results>
